<?xml version="1.0" encoding="UTF-8"?>
<!-- Generated by org.testng.reporters.JUnitReportReporter -->
<testsuite hostname="DESKTOP-GEOPS5P" name="orangehrm_Test.Login_Text" tests="1" failures="0" timestamp="4 Nov 2022 11:48:04 GMT" time="3.871" errors="0">
  <testcase name="OHRM_logInTest" time="3.871" classname="orangehrm_Test.Login_Text"/>
</testsuite> <!-- orangehrm_Test.Login_Text -->
