<?xml version="1.0" encoding="UTF-8"?>
<!-- Generated by org.testng.reporters.JUnitReportReporter -->
<testsuite hostname="DESKTOP-GEOPS5P" name="youtube.Keyboardoperations" tests="1" failures="0" timestamp="2 Nov 2022 17:42:00 GMT" time="17.617" errors="0">
  <testcase name="srearch" time="17.617" classname="youtube.Keyboardoperations"/>
</testsuite> <!-- youtube.Keyboardoperations -->
