<?xml version="1.0" encoding="UTF-8"?>
<!-- Generated by org.testng.reporters.JUnitReportReporter -->
<testsuite hostname="DESKTOP-GEOPS5P" name="testNG.CapturingfirstRowoffirstCelldata" tests="1" failures="0" timestamp="30 Oct 2022 05:01:12 GMT" time="2.650" errors="0">
  <testcase name="capturingfirstRowoffirstCelldata" time="2.650" classname="testNG.CapturingfirstRowoffirstCelldata"/>
</testsuite> <!-- testNG.CapturingfirstRowoffirstCelldata -->
