<?xml version="1.0" encoding="UTF-8"?>
<!-- Generated by org.testng.reporters.JUnitReportReporter -->
<testsuite hostname="DESKTOP-GEOPS5P" name="testNG.ExcelTestData" tests="1" failures="0" timestamp="21 Oct 2022 12:29:31 GMT" time="0.698" errors="0">
  <testcase name="ExcelTestData" time="0.698" classname="testNG.ExcelTestData"/>
</testsuite> <!-- testNG.ExcelTestData -->
