<?xml version="1.0" encoding="UTF-8"?>
<!-- Generated by org.testng.reporters.JUnitReportReporter -->
<testsuite hostname="DESKTOP-GEOPS5P" name="testNG.Timeanddate_Excelsheet" tests="1" failures="0" timestamp="20 Oct 2022 11:10:10 GMT" time="11.236" errors="0">
  <testcase name="capturingfirstRowoffirstCelldata" time="11.236" classname="testNG.Timeanddate_Excelsheet"/>
</testsuite> <!-- testNG.Timeanddate_Excelsheet -->
