<?xml version="1.0" encoding="UTF-8"?>
<!-- Generated by org.testng.reporters.JUnitReportReporter -->
<testsuite hostname="DESKTOP-GEOPS5P" name="testNG.Timeanddate_CapturingfirstRowoffirstCellData" tests="1" failures="0" timestamp="20 Oct 2022 10:56:54 GMT" time="27.332" errors="0">
  <testcase name="CapturingfirstRowoffirstCellData" time="27.332" classname="testNG.Timeanddate_CapturingfirstRowoffirstCellData"/>
</testsuite> <!-- testNG.Timeanddate_CapturingfirstRowoffirstCellData -->
